Using pre-set license
Built from '2021.3/staging' branch; Version is '2021.3.23f1 (213b516bf396) revision 2177873'; Using compiler version '192829333'; Build Type 'Release'
OS: 'Windows 11  (10.0.22621) 64bit Core' Language: 'de' Physical Memory: 14188 MB
BatchMode: 1, IsHumanControllingUs: 0, StartBugReporterOnCrash: 0, Is64bit: 1, IsPro: 1

COMMAND LINE ARGUMENTS:
C:\Program Files\Unity\Hub\Editor\2021.3.23f1\Editor\Unity.exe
-adb2
-batchMode
-noUpm
-name
AssetImportWorker2
-projectPath
C:/Users/marcp/Flavour_Hollow
-logFile
Logs/AssetImportWorker2.log
-srvPort
58793
Successfully changed project path to: C:/Users/marcp/Flavour_Hollow
C:/Users/marcp/Flavour_Hollow
[UnityMemory] Configuration Parameters - Can be set up in boot.config
    "memorysetup-bucket-allocator-granularity=16"
    "memorysetup-bucket-allocator-bucket-count=8"
    "memorysetup-bucket-allocator-block-size=33554432"
    "memorysetup-bucket-allocator-block-count=8"
    "memorysetup-main-allocator-block-size=16777216"
    "memorysetup-thread-allocator-block-size=16777216"
    "memorysetup-gfx-main-allocator-block-size=16777216"
    "memorysetup-gfx-thread-allocator-block-size=16777216"
    "memorysetup-cache-allocator-block-size=4194304"
    "memorysetup-typetree-allocator-block-size=2097152"
    "memorysetup-profiler-bucket-allocator-granularity=16"
    "memorysetup-profiler-bucket-allocator-bucket-count=8"
    "memorysetup-profiler-bucket-allocator-block-size=33554432"
    "memorysetup-profiler-bucket-allocator-block-count=8"
    "memorysetup-profiler-allocator-block-size=16777216"
    "memorysetup-profiler-editor-allocator-block-size=1048576"
    "memorysetup-temp-allocator-size-main=16777216"
    "memorysetup-job-temp-allocator-block-size=2097152"
    "memorysetup-job-temp-allocator-block-size-background=1048576"
    "memorysetup-job-temp-allocator-reduction-small-platforms=262144"
    "memorysetup-temp-allocator-size-background-worker=32768"
    "memorysetup-temp-allocator-size-job-worker=262144"
    "memorysetup-temp-allocator-size-preload-manager=33554432"
    "memorysetup-temp-allocator-size-nav-mesh-worker=65536"
    "memorysetup-temp-allocator-size-audio-worker=65536"
    "memorysetup-temp-allocator-size-cloud-worker=32768"
    "memorysetup-temp-allocator-size-gi-baking-worker=262144"
    "memorysetup-temp-allocator-size-gfx=262144"
Player connection [8852] Host "[IP] 192.168.56.1 [Port] 0 [Flags] 2 [Guid] 4092371520 [EditorId] 4092371520 [Version] 1048832 [Id] WindowsEditor(7,LenIdea1622) [Debug] 1 [PackageName] WindowsEditor [ProjectName] Editor" joined multi-casting on [225.0.0.222:54997]...

Player connection [8852] Host "[IP] 192.168.56.1 [Port] 0 [Flags] 2 [Guid] 4092371520 [EditorId] 4092371520 [Version] 1048832 [Id] WindowsEditor(7,LenIdea1622) [Debug] 1 [PackageName] WindowsEditor [ProjectName] Editor" joined alternative multi-casting on [225.0.0.222:34997]...

Refreshing native plugins compatible for Editor in 109.11 ms, found 4 plugins.
Preloading 0 native plugins for Editor in 0.00 ms.
Initialize engine version: 2021.3.23f1 (213b516bf396)
[Subsystems] Discovering subsystems at path C:/Program Files/Unity/Hub/Editor/2021.3.23f1/Editor/Data/Resources/UnitySubsystems
[Subsystems] Discovering subsystems at path C:/Users/marcp/Flavour_Hollow/Assets
GfxDevice: creating device client; threaded=0; jobified=0
Direct3D:
    Version:  Direct3D 11.0 [level 11.1]
    Renderer: AMD Radeon(TM) Graphics (ID=0x1638)
    Vendor:   ATI
    VRAM:     7094 MB
    Driver:   31.0.12044.3
Initialize mono
Mono path[0] = 'C:/Program Files/Unity/Hub/Editor/2021.3.23f1/Editor/Data/Managed'
Mono path[1] = 'C:/Program Files/Unity/Hub/Editor/2021.3.23f1/Editor/Data/MonoBleedingEdge/lib/mono/unityjit-win32'
Mono config path = 'C:/Program Files/Unity/Hub/Editor/2021.3.23f1/Editor/Data/MonoBleedingEdge/etc'
Using monoOptions --debugger-agent=transport=dt_socket,embedding=1,server=y,suspend=n,address=127.0.0.1:56076
Begin MonoManager ReloadAssembly
Registering precompiled unity dll's ...
Register platform support module: C:/Program Files/Unity/Hub/Editor/2021.3.23f1/Editor/Data/PlaybackEngines/WindowsStandaloneSupport/UnityEditor.WindowsStandalone.Extensions.dll
Registered in 0.005339 seconds.
Native extension for WindowsStandalone target not found
Refreshing native plugins compatible for Editor in 115.57 ms, found 4 plugins.
Preloading 0 native plugins for Editor in 0.00 ms.
Mono: successfully reloaded assembly
- Completed reload, in  0.803 seconds
Domain Reload Profiling:
	ReloadAssembly (804ms)
		BeginReloadAssembly (107ms)
			ExecutionOrderSort (0ms)
			DisableScriptedObjects (0ms)
			BackupInstance (0ms)
			ReleaseScriptingObjects (0ms)
			CreateAndSetChildDomain (1ms)
		EndReloadAssembly (576ms)
			LoadAssemblies (104ms)
			RebuildTransferFunctionScriptingTraits (0ms)
			SetupTypeCache (130ms)
			ReleaseScriptCaches (0ms)
			RebuildScriptCaches (30ms)
			SetupLoadedEditorAssemblies (349ms)
				LogAssemblyErrors (0ms)
				InitializePlatformSupportModulesInManaged (8ms)
				SetLoadedEditorAssemblies (0ms)
				RefreshPlugins (116ms)
				BeforeProcessingInitializeOnLoad (2ms)
				ProcessInitializeOnLoadAttributes (171ms)
				ProcessInitializeOnLoadMethodAttributes (53ms)
				AfterProcessingInitializeOnLoad (0ms)
				EditorAssembliesLoaded (0ms)
			ExecutionOrderSort2 (0ms)
			AwakeInstancesAfterBackupRestoration (0ms)
Platform modules already initialized, skipping
Registering precompiled user dll's ...
Registered in 0.016103 seconds.
Begin MonoManager ReloadAssembly
Symbol file LoadedFromMemory doesn't match image C:\Users\marcp\Flavour_Hollow\Library\PackageCache\com.unity.visualscripting@1.8.0\Editor\VisualScripting.Core\Dependencies\YamlDotNet\Unity.VisualScripting.YamlDotNet.dll
Symbol file LoadedFromMemory doesn't match image C:\Users\marcp\Flavour_Hollow\Library\PackageCache\com.unity.visualscripting@1.8.0\Editor\VisualScripting.Core\Dependencies\DotNetZip\Unity.VisualScripting.IonicZip.dll
Native extension for WindowsStandalone target not found
Refreshing native plugins compatible for Editor in 99.76 ms, found 4 plugins.
Preloading 0 native plugins for Editor in 0.00 ms.
Mono: successfully reloaded assembly
- Completed reload, in  1.729 seconds
Domain Reload Profiling:
	ReloadAssembly (1730ms)
		BeginReloadAssembly (158ms)
			ExecutionOrderSort (0ms)
			DisableScriptedObjects (9ms)
			BackupInstance (0ms)
			ReleaseScriptingObjects (0ms)
			CreateAndSetChildDomain (26ms)
		EndReloadAssembly (1409ms)
			LoadAssemblies (414ms)
			RebuildTransferFunctionScriptingTraits (0ms)
			SetupTypeCache (357ms)
			ReleaseScriptCaches (1ms)
			RebuildScriptCaches (67ms)
			SetupLoadedEditorAssemblies (533ms)
				LogAssemblyErrors (0ms)
				InitializePlatformSupportModulesInManaged (4ms)
				SetLoadedEditorAssemblies (0ms)
				RefreshPlugins (100ms)
				BeforeProcessingInitializeOnLoad (116ms)
				ProcessInitializeOnLoadAttributes (262ms)
				ProcessInitializeOnLoadMethodAttributes (41ms)
				AfterProcessingInitializeOnLoad (9ms)
				EditorAssembliesLoaded (0ms)
			ExecutionOrderSort2 (0ms)
			AwakeInstancesAfterBackupRestoration (6ms)
Platform modules already initialized, skipping
========================================================================
Worker process is ready to serve import requests
Launched and connected shader compiler UnityShaderCompiler.exe after 0.06 seconds
Refreshing native plugins compatible for Editor in 1.08 ms, found 4 plugins.
Preloading 0 native plugins for Editor in 0.00 ms.
Unloading 3749 Unused Serialized files (Serialized files now loaded: 0)
Unloading 41 unused Assets / (229.0 KB). Loaded Objects now: 4203.
Memory consumption went from 145.1 MB to 144.9 MB.
Total: 4.533300 ms (FindLiveObjects: 0.330600 ms CreateObjectMapping: 0.119900 ms MarkObjects: 3.857900 ms  DeleteObjects: 0.224000 ms)

AssetImportParameters requested are different than current active one (requested -> active):
  custom:video-decoder-ogg-theora: a1e56fd34408186e4bbccfd4996cb3dc -> 
  custom:container-muxer-webm: aa71ff27fc2769a1b78a27578f13a17b -> 
  custom:container-demuxer-webm: 4f35f7cbe854078d1ac9338744f61a02 -> 
  custom:video-encoder-webm-vp8: eb34c28f22e8b96e1ab97ce403110664 -> 
  custom:video-codec-MediaFoundation-h265: 746d11721c4dcdbdad8f713fa42b33f4 -> 
  custom:audio-encoder-webm-vorbis: bf7c407c2cedff20999df2af8eb42d56 -> 
  custom:framework-win-MediaFoundation: 216162199b28c13a410421893ffa2e32 -> 
  custom:container-demuxer-ogg: 62fdf1f143b41e24485cea50d1cbac27 -> 
  custom:video-decoder-webm-vp8: 9c59270c3fd7afecdb556c50c9e8de78 -> 
  custom:audio-decoder-ogg-vorbis: bf7c407c2cedff20999df2af8eb42d56 -> 
========================================================================
Received Import Request.
  Time since last request: 405814.297641 seconds.
  path: Assets/Textfonts/Oranienbaum.ttf
  artifactKey: Guid(94d50ac0ebd852a4aab2963c9ad9b487) Importer(815301076,1909f56bfc062723c751e8b465ee728b)
Start importing Assets/Textfonts/Oranienbaum.ttf using Guid(94d50ac0ebd852a4aab2963c9ad9b487) Importer(815301076,1909f56bfc062723c751e8b465ee728b)  -> (artifact id: '12ef0eb0c79f90ef529a3b726928484c') in 0.172375 seconds 
========================================================================
Received Import Request.
  Time since last request: 0.000026 seconds.
  path: Assets/TextMesh Pro/Shaders/TMPro_Properties.cginc
  artifactKey: Guid(3997e2241185407d80309a82f9148466) Importer(815301076,1909f56bfc062723c751e8b465ee728b)
Start importing Assets/TextMesh Pro/Shaders/TMPro_Properties.cginc using Guid(3997e2241185407d80309a82f9148466) Importer(815301076,1909f56bfc062723c751e8b465ee728b)  -> (artifact id: '1a571301edaf3ef31f347c8859d10fb7') in 0.007085 seconds 
========================================================================
Received Import Request.
  Time since last request: 0.000041 seconds.
  path: Assets/TextMesh Pro/Shaders/TMPro_Mobile.cginc
  artifactKey: Guid(c334973cef89a9840b0b0c507e0377ab) Importer(815301076,1909f56bfc062723c751e8b465ee728b)
Start importing Assets/TextMesh Pro/Shaders/TMPro_Mobile.cginc using Guid(c334973cef89a9840b0b0c507e0377ab) Importer(815301076,1909f56bfc062723c751e8b465ee728b)  -> (artifact id: '1999694fbd3e051111afe8363ffdff0a') in 0.003801 seconds 
========================================================================
Received Import Request.
  Time since last request: 0.000021 seconds.
  path: Assets/TextMesh Pro/Fonts
  artifactKey: Guid(6ab70aee4d56447429c680537fbf93ed) Importer(815301076,1909f56bfc062723c751e8b465ee728b)
Start importing Assets/TextMesh Pro/Fonts using Guid(6ab70aee4d56447429c680537fbf93ed) Importer(815301076,1909f56bfc062723c751e8b465ee728b)  -> (artifact id: '8cbcf11b9c0db8e93a500315a7744f16') in 0.003894 seconds 
========================================================================
Received Import Request.
  Time since last request: 3.181647 seconds.
  path: Assets/TextMesh Pro/Fonts/LiberationSans - OFL.txt
  artifactKey: Guid(6e59c59b81ab47f9b6ec5781fa725d2c) Importer(815301076,1909f56bfc062723c751e8b465ee728b)
Start importing Assets/TextMesh Pro/Fonts/LiberationSans - OFL.txt using Guid(6e59c59b81ab47f9b6ec5781fa725d2c) Importer(815301076,1909f56bfc062723c751e8b465ee728b)  -> (artifact id: '13db1da3306c160a644b842a75a1ce82') in 0.014863 seconds 
========================================================================
Received Import Request.
  Time since last request: 10.155902 seconds.
  path: Assets/TextMesh Pro/Documentation
  artifactKey: Guid(8e7e8f5a82a3a134e91c54efd2274ea9) Importer(815301076,1909f56bfc062723c751e8b465ee728b)
Start importing Assets/TextMesh Pro/Documentation using Guid(8e7e8f5a82a3a134e91c54efd2274ea9) Importer(815301076,1909f56bfc062723c751e8b465ee728b)  -> (artifact id: '365e95d1c1490fa81b8510ec77c394a2') in 0.004279 seconds 
========================================================================
Received Import Request.
  Time since last request: 2.103447 seconds.
  path: Assets/TextMesh Pro/Documentation/TextMesh Pro User Guide 2016.pdf
  artifactKey: Guid(1b8d251f9af63b746bf2f7ffe00ebb9b) Importer(815301076,1909f56bfc062723c751e8b465ee728b)
Start importing Assets/TextMesh Pro/Documentation/TextMesh Pro User Guide 2016.pdf using Guid(1b8d251f9af63b746bf2f7ffe00ebb9b) Importer(815301076,1909f56bfc062723c751e8b465ee728b)  -> (artifact id: '296ae03d07c1080f3377163c86976f99') in 0.012239 seconds 
========================================================================
Received Import Request.
  Time since last request: 26.931965 seconds.
  path: Assets/Scenes/counterview.unity
  artifactKey: Guid(2cda990e2423bbf4892e6590ba056729) Importer(815301076,1909f56bfc062723c751e8b465ee728b)
Start importing Assets/Scenes/counterview.unity using Guid(2cda990e2423bbf4892e6590ba056729) Importer(815301076,1909f56bfc062723c751e8b465ee728b)  -> (artifact id: '6065b4cf4ec6d2b5743ce2ec73dee895') in 0.004614 seconds 
========================================================================
Received Import Request.
  Time since last request: 8.603167 seconds.
  path: Assets/Scenes/kitchenview.unity
  artifactKey: Guid(513e780b8da41a04d8e9290287211abf) Importer(815301076,1909f56bfc062723c751e8b465ee728b)
Start importing Assets/Scenes/kitchenview.unity using Guid(513e780b8da41a04d8e9290287211abf) Importer(815301076,1909f56bfc062723c751e8b465ee728b)  -> (artifact id: 'dd8467fd46e0e799e34b3ee837a8a0ef') in 0.004236 seconds 
========================================================================
Received Import Request.
  Time since last request: 0.735833 seconds.
  path: Assets/Scenes/mainmenu.unity
  artifactKey: Guid(26e8166e5c7f25e4ebcd49130eef4f65) Importer(815301076,1909f56bfc062723c751e8b465ee728b)
Start importing Assets/Scenes/mainmenu.unity using Guid(26e8166e5c7f25e4ebcd49130eef4f65) Importer(815301076,1909f56bfc062723c751e8b465ee728b)  -> (artifact id: 'e2b27fb0abaa0f495d70ecc2acec8c52') in 0.004262 seconds 
========================================================================
Received Import Request.
  Time since last request: 254.523029 seconds.
  path: Assets/Scripts
  artifactKey: Guid(091bf45a5b528f94e9de23f3794bf096) Importer(815301076,1909f56bfc062723c751e8b465ee728b)
Start importing Assets/Scripts using Guid(091bf45a5b528f94e9de23f3794bf096) Importer(815301076,1909f56bfc062723c751e8b465ee728b)  -> (artifact id: '300b55e74e1f3dd9d14335801f3b489a') in 0.006104 seconds 
========================================================================
Received Import Request.
  Time since last request: 1.044235 seconds.
  path: Assets/Scripts/buttons
  artifactKey: Guid(e82be87859dc3fb469abceee912b9693) Importer(815301076,1909f56bfc062723c751e8b465ee728b)
Start importing Assets/Scripts/buttons using Guid(e82be87859dc3fb469abceee912b9693) Importer(815301076,1909f56bfc062723c751e8b465ee728b)  -> (artifact id: 'b362a8bbcb2a5719bdd74a27be1f3654') in 0.008906 seconds 
========================================================================
Received Import Request.
  Time since last request: 3.434957 seconds.
  path: Assets/Scripts/Crafting
  artifactKey: Guid(c57ce9ff876412e419d70fe052e4bf8e) Importer(815301076,1909f56bfc062723c751e8b465ee728b)
Start importing Assets/Scripts/Crafting using Guid(c57ce9ff876412e419d70fe052e4bf8e) Importer(815301076,1909f56bfc062723c751e8b465ee728b)  -> (artifact id: '45888250d5e464e3966e5a9765f5c080') in 0.006553 seconds 
========================================================================
Received Import Request.
  Time since last request: 1.402279 seconds.
  path: Assets/Scripts/Crafting/CraftingManager.cs
  artifactKey: Guid(5c3f53ac81588a745a86f5ee5c5d5002) Importer(815301076,1909f56bfc062723c751e8b465ee728b)
Start importing Assets/Scripts/Crafting/CraftingManager.cs using Guid(5c3f53ac81588a745a86f5ee5c5d5002) Importer(815301076,1909f56bfc062723c751e8b465ee728b)  -> (artifact id: '6470232c950a0e65ca0f683b819d9d90') in 0.036311 seconds 
========================================================================
Received Import Request.
  Time since last request: 18.456744 seconds.
  path: Assets/Scripts/Crafting/Ingredient.cs
  artifactKey: Guid(d88b6d16d20dec54db8381ce28bb5a58) Importer(815301076,1909f56bfc062723c751e8b465ee728b)
Start importing Assets/Scripts/Crafting/Ingredient.cs using Guid(d88b6d16d20dec54db8381ce28bb5a58) Importer(815301076,1909f56bfc062723c751e8b465ee728b)  -> (artifact id: '84fc5b1b9f83111d311bfdc9c6e8255c') in 0.005750 seconds 
========================================================================
Received Import Request.
  Time since last request: 4.486611 seconds.
  path: Assets/Scripts/Crafting/Recipe.cs
  artifactKey: Guid(57b1bf67f4e809f47a5cb86470b59f98) Importer(815301076,1909f56bfc062723c751e8b465ee728b)
Start importing Assets/Scripts/Crafting/Recipe.cs using Guid(57b1bf67f4e809f47a5cb86470b59f98) Importer(815301076,1909f56bfc062723c751e8b465ee728b)  -> (artifact id: 'a16ecb52750adfd2b02419b7cacf44aa') in 0.015010 seconds 
========================================================================
Received Import Request.
  Time since last request: 237.636696 seconds.
  path: Assets/Images/Untitled_Artwork.png
  artifactKey: Guid(059f47b0dd2f7a349a58214564d654a2) Importer(815301076,1909f56bfc062723c751e8b465ee728b)
Start importing Assets/Images/Untitled_Artwork.png using Guid(059f47b0dd2f7a349a58214564d654a2) Importer(815301076,1909f56bfc062723c751e8b465ee728b)  -> (artifact id: 'b64573af2b3c7b3b135e75283ba2fc27') in 0.291095 seconds 
========================================================================
Received Import Request.
  Time since last request: 6.100679 seconds.
  path: Assets/Images/buttons/button_go_kitchen.png
  artifactKey: Guid(231450b772c80434b830bae890baebe6) Importer(815301076,1909f56bfc062723c751e8b465ee728b)
Start importing Assets/Images/buttons/button_go_kitchen.png using Guid(231450b772c80434b830bae890baebe6) Importer(815301076,1909f56bfc062723c751e8b465ee728b)  -> (artifact id: 'c1cab5d9e9c71a6eb7b0566c529e48a7') in 0.061341 seconds 
